<?xml version="1.0" encoding="UTF-8"?>
<!-- Generated by org.testng.reporters.JUnitReportReporter -->
<testsuite skipped="0" hostname="DESKTOP-TVN2032" name="com.TestNG.ParallelExecHomewrk" tests="2" failures="0" timestamp="04 Jun 2020 17:50:09 GMT" time="9.761" errors="0">
  <testcase name="login" time="3.993" classname="com.TestNG.ParallelExecHomewrk"/>
  <testcase name="clickAdmin" time="5.768" classname="com.TestNG.ParallelExecHomewrk"/>
</testsuite> <!-- com.TestNG.ParallelExecHomewrk -->
